2 of 2 operations supported	 0003_2Solar-personapi-1.0.2-swagger
6 of 6 operations supported*	 0016_94Peter-YDT-APP-3.0.0-swagger
3 of 3 operations supported	 0017_94Peter-YDT-Buyer-3.0.0-swagger
7 of 7 operations supported*	 0023_aalempar-Lleko-1.0.0-swagger
1 of 1 operations supported*	 0024_AareonDIL-Notifier-0.0.2-swagger
4 of 4 operations supported	 0026_AashiJain-api-documentation-1.0-oas3-swagger
2 of 2 operations supported*	 0029_abby.winegarden-RatingAPI-1.0.0-swagger
2 of 2 operations supported*	 0031_abhi-repos-KROGER-CREDENTIAL-1.0.0-swagger
6 of 6 operations supported*	 0033_Abhishek1002-3P_API_Integration-1.0.0-swagger
5 of 5 operations supported*	 0040_Adamcbrz-galderma-1.0.1-swagger
5 of 5 operations supported*	 0041_adamranieri-RPAS_API-1-swagger
2 of 2 operations supported*	 0042_adara-drm-rights_service_api_v_1_0-1.0-swagger
1 of 1 operations supported*	 0043_addditesst-asdfasdf-0.0.1-swagger
2 of 2 operations supported*	 0044_adingmanost-traeger_manufacturing_api-2020-04-20-swagger
15 of 15 operations supported*	 0048_adnanbukhari-abc-retail_store_ap_is-1.0.0-oas3-swagger
1 of 1 operations supported*	 0049_adoherty47-Score-1.0.0-swagger
1 of 1 operations supported*	 0051_aduana_bolivia-aduana-dav-1.2-swagger
1 of 1 operations supported*	 0065_AIMN1995-API-de_comercio_electronico-2-swagger
2 of 2 operations supported*	 0066_Air41-public-flight-query-api-6.0.0-swagger
3 of 3 operations supported*	 0069_aireno-transcriber-1.0.2-swagger
4 of 4 operations supported*	 0072_Airkit-Airkit-1.0.0-swagger
1 of 1 operations supported*	 0073_aisandbox-MineHunter-1.0.0-swagger
4 of 4 operations supported*	 0078_Akhu-PunktualAPI-1.0.1-swagger
6 of 6 operations supported*	 0081_al-pacino-taxi_fleet_api-1.0-swagger
14 of 14 operations supported	 0083_Alanca-FoodTrans-1.0.0-swagger
4 of 4 operations supported*	 0090_AlexeyBille-bitrix24_k7-1.0.0-swagger
4 of 4 operations supported*	 0105_alipay-shortlink-1.1.0-swagger
1 of 1 operations supported*	 0118_American-Airlines7-OrderFulfillment-2.0.17-swagger
1 of 1 operations supported*	 0119_ametiq-sgkb-ail-1.0.0-swagger
1 of 1 operations supported	 0120_amin-fazl-Markr-v1-swagger
9 of 9 operations supported	 0129_AndreiBarbuOz-uibank-1.0.1-swagger
1 of 1 operations supported*	 0131_andre_martin-HOST_Navision_webservice-1.0-swagger
1 of 1 operations supported*	 0132_androidvideo-PEFallDown-1.0.1-swagger
6 of 6 operations supported*	 0135_ANicholasson-ServerManager-1.0.0-swagger
4 of 4 operations supported*	 0139_antanask777-Ligence-API-1.0.0-swagger
1 of 1 operations supported*	 0141_anton-a-baranov-PCDS-1.0.0-swagger
2 of 2 operations supported	 0142_anton.yaskou-CaseWorx-1.0.0-swagger
3 of 3 operations supported*	 0145_apa-apipostback.divvy.systems-1.0.0-oas3-swagger
1 of 1 operations supported*	 0147_aperepelkin-deal-public-api-v0-swagger
5 of 5 operations supported*	 0153_apostolosdiavolitsis-BundlesApi-1.0.0-swagger
4 of 4 operations supported*	 0154_apostolosdiavolitsis-DatasetDemoAPI-1.0.0-swagger
1 of 1 operations supported*	 0156_AppGallop-CreateSupportTicket-1.0.0-oas3-swagger
1 of 1 operations supported*	 0161_AppGallop-RetrieveDigitalService-1.0.0-oas3-swagger
1 of 1 operations supported*	 0164_AppGallopSandbox-RetrieveDigitalService-1.0.0-oas3-swagger
3 of 3 operations supported	 0165_apptech-evan-huang-iArrive-1.0.0-swagger
3 of 3 operations supported*	 0167_aptcoder4-document-translator_api-1.0-swagger
4 of 4 operations supported	 0175_arksys4-TranslationAPI-1-oas3-swagger
167 of 167 operations supported	 0176_Arold-Solutions-Rest_API-1.2.0-swagger
7 of 7 operations supported*	 0177_AroldSolutionsGamboa-Gamboa-1.0.0-swagger
4 of 4 operations supported*	 0178_artak-sahakyan-Dating-1.0.0-swagger
8 of 8 operations supported*	 0186_asm2002-SEO-1.0.0-swagger
5 of 5 operations supported*	 0201_AvisiLabs-Docvisi-1.0.0-swagger
1 of 1 operations supported	 0208_aws-foundation-open-banking-poc-demo-experience-api-1.0.0-swagger
4 of 4 operations supported*	 0210_AxelGanter-BankService-1.0.0-swagger
1 of 1 operations supported*	 0214_azhar-cograph-product-search-api-1.1.0-swagger
2 of 2 operations supported*	 0216_b3371-BHV-1.0.0-swagger
3 of 3 operations supported*	 0219_B9621-bondstream-api-1.0.0-swagger
2 of 2 operations supported	 0221_baonq5-AI_Integration-1.0.0-swagger
4 of 4 operations supported*	 0225_barrows-freeflow-api-0.1-swagger
12 of 12 operations supported*	 0228_Bbook-bbook2-1.8.0-swagger
1 of 1 operations supported*	 0233_Bco-Luso-Brasileiro-CadastroContraparteAPI-1.0.0-swagger
1 of 1 operations supported*	 0234_Bco-Luso-Brasileiro-contraparte-2.0-swagger
10 of 10 operations supported	 0236_bctest-brite-notes_api-0.1-swagger
20 of 20 operations supported*	 0240_beckn-beckn-mobility-0.7.1-swagger
10 of 10 operations supported*	 0245_benedict35-api-config-2.0.0-swagger
2 of 2 operations supported*	 0247_BenLussier-Fintech_Clearing_v2-2.0-swagger
5 of 5 operations supported	 0249_bgbauer-Cobranca-1.2.1-swagger
1 of 1 operations supported*	 0252_bibio-auto_floor_map-1.1-swagger
3 of 3 operations supported*	 0255_BigDivot16-SupportGuideUserCreate-1.0.0-swagger
3 of 3 operations supported*	 0258_biovic8612-MyCompanyApi-1.0.0-swagger
3 of 3 operations supported*	 0259_biovic8612-TestApiJson-1.0.1-swagger
2 of 2 operations supported*	 0262_Bitmotion-DWB-1.0.0-swagger
2 of 2 operations supported*	 0264_bkrygsman-foundation-consumer-portal-service-2019-11-05-0001-swagger
2 of 2 operations supported*	 0266_BliksundAS-bliksund-pepj_emcc_integration-2.0.1-swagger
3 of 3 operations supported*	 0269_BluJaySolutions-planning-route_api-1.0.3-swagger
3 of 3 operations supported	 0272_BmossMCG-FDMP-2.4-swagger
1 of 1 operations supported*	 0274_BNPPARIBAS-CARDIF-email-api-0.0.3-swagger
2 of 2 operations supported*	 0275_BNPPARIBAS-CARDIF-pearl-graphtalk-poc-1.0.0-swagger
3 of 3 operations supported*	 0276_BNSF-Logistics-BlumeLogistics-1.0.0-oas3-swagger
3 of 3 operations supported*	 0277_BNSF-Logistics-BlumeLogisticsCallback-1.0.0-oas3-swagger
2 of 2 operations supported*	 0281_BoltrackSRL-integracionapi-0.5.1-oas3-swagger
13 of 13 operations supported*	 0284_Bookaway-Bookaway-supply-api-1.0.5-swagger
1 of 1 operations supported*	 0287_Booking-Protect-Ltd-Quote-1.0.3-swagger
1 of 1 operations supported	 0290_Bookplay-Bookplay-MainAPI-1.0.11-swagger
1 of 1 operations supported*	 0291_Borjomi-UploadSalesOrder-1.0.0-swagger
1 of 1 operations supported*	 0298_BO_integrations-SettlementNotice-1.0-swagger
8 of 8 operations supported	 0300_BRDigitalCOE-DeliveryManager-API-2.0.0-swagger
5 of 5 operations supported	 0301_BRDigitalCOE-IPM-API-Mock-2.0.0-swagger
2 of 2 operations supported	 0303_Brex-accounting-api-1.2.0-swagger
4 of 4 operations supported*	 0310_BTCorretora-CabineRipple-1.0.0-swagger
2 of 2 operations supported*	 0317_BusinessFuel-BrokerAPI-1.0.0-swagger
2 of 2 operations supported*	 0320_C3914-cvs-invoice_postings-1.0.0-swagger
2 of 2 operations supported	 0331_captalgert-FederalV-1.2-swagger
1 of 1 operations supported*	 0333_CardFlight-SwipeSimple-Public-3.0.5-swagger
2 of 2 operations supported*	 0335_Caredove-Caredove-API-1.0-swagger
1 of 1 operations supported*	 0339_CarNET.ai-MMG-2.1-swagger
2 of 2 operations supported*	 0344_castelemi-LokkyInsuranceCheckup-0.0.1-swagger
6 of 6 operations supported*	 0359_ChanchaiPirsquare-PMS-1.0.0-swagger
3 of 3 operations supported*	 0362_Chastia-SLSPJira-DEV-swagger
2 of 2 operations supported	 0366_CIBG-DMS-2.0.0-swagger
2 of 2 operations supported*	 0367_CIBG-DuoDiplomaGegevens-1.0.1-swagger
1 of 1 operations supported*	 0369_CIBG-EPD-1.0.5-swagger
1 of 1 operations supported*	 0370_CIBG-PdfService-1.0.0-swagger
1 of 1 operations supported*	 0372_CIBG-UziCertificaatExtractor-1.1-swagger
7 of 7 operations supported*	 0375_CISTI-ciserp-v1-swagger
2 of 2 operations supported*	 0382_classiii-T4OO_ClassIII_Account-1.0.0-swagger
33 of 33 operations supported	 0384_Clear-Channel5-campaign_simulator-1.0.1-swagger
1 of 1 operations supported*	 0388_CloudAppi-api-taya_sync-1.0.0-swagger
6 of 6 operations supported	 0391_cloud_group5-MyAnimeListAPI-1.0.3-swagger
4 of 4 operations supported*	 0395_cml-predictor-1.0.0-swagger
2 of 2 operations supported*	 0396_cmonet_opera-opera-energie_api_fournisseurs-1.0.0-swagger
4 of 4 operations supported*	 0398_cobobrien-OAuth2-API-1.0.0-swagger
3 of 3 operations supported*	 0403_Codewaves-Albums-1.0.0-swagger
2 of 2 operations supported*	 0406_Cogensia-cne-ci-single-view-api-1.1.0-swagger
1 of 1 operations supported*	 0407_Cogensia-cne-mass-usage-api-1.1.0-swagger
2 of 2 operations supported	 0408_CognizantTechnology2-ZippariEnrollmentSpecification-3.1-swagger
7 of 7 operations supported*	 0417_conecs-API_TRD-1.3.0-swagger
1 of 1 operations supported*	 0418_Connected-Video-ConnectedExplora-API-1.0.0-swagger
1 of 1 operations supported*	 0426_cotabox-Requisition-1.0.0-swagger
19 of 19 operations supported	 0429_cra-iot-craiot-2.4-swagger
1 of 1 operations supported*	 0437_Crux-Systems-AIS-Notification-1.0.0-swagger
6 of 6 operations supported*	 0439_csuavet-trase-api-v0.0-swagger
3 of 3 operations supported	 0445_ctsuite-WebClient-3.2.0-swagger
7 of 7 operations supported	 0455_D4596-MX_Partner_OnlineOrdering-1.1.0-swagger
3 of 3 operations supported*	 0466_danielcregg1-ArtistAPI-1.0.0-swagger
3 of 3 operations supported	 0469_dariuszmaciejewski-c02cec4c6bf1fe609c3dd24dee276d48-0.3.4-swagger
2 of 2 operations supported*	 0475_dasa-asen-Tcg4-1.0.0-swagger
15 of 15 operations supported*	 0479_data-unit-ft-ft-td-dev-3.1.0-swagger
15 of 15 operations supported*	 0480_data-unit-ft-ft-td-pre-3.1.0-swagger
15 of 15 operations supported*	 0481_data-unit-ft-ft-td-pro-3.1.0-swagger
1 of 1 operations supported*	 0484_daudoire6-common-0.0.1-swagger
1 of 1 operations supported*	 0490_DBY-GEN_API_2.0-2.0.0-swagger
8 of 8 operations supported*	 0497_DEg-DERE-GlobalProjectID-1.0.0-swagger
1 of 1 operations supported	 0503_DEMOConsultants-MobistyleOpenPlatform-1.0.0-swagger
2 of 2 operations supported	 0511_devunsho-starwars-api-1.0.0-swagger
1 of 1 operations supported*	 0513_Dhruval-MockAPI-1.0.0-swagger
3 of 3 operations supported	 0518_Diagnotes4-diagnotes-messaging_api-0.9.0-swagger
14 of 14 operations supported	 0522_DigisureInc-Insurance-1.0.4-swagger
16 of 16 operations supported*	 0527_dimzignas-webapi-1.0-swagger
1 of 1 operations supported*	 0532_Direct_Wines-AccountLookupService-1.0.0-swagger
2 of 2 operations supported*	 0537_Direct_Wines-ProfileAPISuite-1.5.0-swagger
6 of 6 operations supported	 0541_DisMoi-Notices-3.3.0-swagger
1 of 1 operations supported*	 0545_DocSpera-Event_Scheduling_Patient_Engagement-1.1.0-swagger
5 of 5 operations supported*	 0546_DocuScan-DocuScan.Blackboard-1.0.0-swagger
2 of 2 operations supported*	 0552_DP2020-04-Server_mediator-1.0.0-swagger
27 of 27 operations supported*	 0557_Dreadlogic-TakeOutDelivery-1.0-oas3-swagger
2 of 2 operations supported*	 0562_dschowta-taskScheduler-0.0.1-beta.3-swagger
1 of 1 operations supported*	 0565_duahchinkul-WiFi-1.0.2-swagger
4 of 4 operations supported	 0569_Duncan-Idaho-shard-5-swagger
3 of 3 operations supported*	 0571_DVLA1-tachoNetV2-1.0.1-swagger
3 of 3 operations supported*	 0577_dyzio-dyzio-public-api-1.0.1-swagger
1 of 1 operations supported	 0578_e-talent-eTalent-1.0-swagger
2 of 2 operations supported*	 0583_E2G-MaterialDatabase-1.0.0-swagger
5 of 5 operations supported*	 0586_earandap-Purchase_Review_Service-1.0.0-swagger
10 of 10 operations supported*	 0587_Earthbanc-vssu-backend-app-1.0.0-swagger
2 of 2 operations supported	 0590_ECI-MarkSystems-Lot_Reservation-1.0.0-swagger
10 of 10 operations supported*	 0593_ECOFIT-prod-sls_svc_data-v1.0-swagger
1 of 1 operations supported*	 0594_ecomasia-file-upload-1.0-oas3-swagger
2 of 2 operations supported*	 0596_EdgeRetreatsLtd-Edge-Retreats-Test-1.0.0-swagger
12 of 12 operations supported	 0604_EdiNation-edi-nation-api-2-swagger
4 of 4 operations supported*	 0608_eduardo.serra-ServicoVendaLite-1.0.0-swagger
11 of 11 operations supported	 0612_eindhoven-airport-FlightAPI-2.8-swagger
2 of 2 operations supported*	 0613_eindhoven-airport-PublicFlightAPI-1.2-swagger
3 of 3 operations supported*	 0614_eixa6-Kilometres-1.0.0-swagger
1 of 1 operations supported*	 0620_Emerge-get-rates-1.0.0-swagger
3 of 3 operations supported*	 0621_Emory-LITS-EmoryStudentMobileRESTfulAPI1.0-1.0.0-swagger
3 of 3 operations supported*	 0624_enaguero-ProjectManagement-1.0.0-swagger
4 of 4 operations supported*	 0626_Engagency-MyBenefits.Life-Middleware-2.0-swagger
2 of 2 operations supported*	 0636_Equity-MaterialDatabase-1.0.0-oas3-swagger
3 of 3 operations supported*	 0640_erin0823-artist-api-1.0.0-swagger
1 of 1 operations supported*	 0643_eSignaBox-NotificationEndpoint-1.1.1-swagger
3 of 3 operations supported*	 0646_EstebanQR-geographic-site-1.0.2-swagger
5 of 5 operations supported	 0647_estoquei-integracao-2.0.1-swagger
2 of 2 operations supported*	 0653_evt-Ambev_Fabr-Ambev_PO7.5_ChatBot-1.2.0-oas3-swagger
1 of 1 operations supported*	 0655_evt-Ambev_Zeus-Ambev_PO7.5_PortalB2B-1.1.0-oas3-swagger
1 of 1 operations supported*	 0657_evt-nathan-ferreira-DPSP_ChatBot-1.0.0-swagger
1 of 1 operations supported*	 0658_ewoudsmets-bib-1.2.0-swagger
3 of 3 operations supported*	 0662_f1gure-b24.medianation-1.1.2-swagger
7 of 7 operations supported	 0664_FabioTomaz-TransportationSchedules-1.0.0-swagger
7 of 7 operations supported*	 0665_fabricius-ciserp-salesforce-v1-swagger
3 of 3 operations supported*	 0668_falsealarm90-test-api-1-swagger
3 of 3 operations supported*	 0685_finin.in-onBoard-1.0.0-swagger
2 of 2 operations supported*	 0686_fininin-app-1.0.0-swagger
1 of 1 operations supported*	 0690_flagertrad-aland-index-0.1.0-swagger
3 of 3 operations supported*	 0698_fluxxdev-checkout-2.0.0-app-swagger
4 of 4 operations supported*	 0700_fmshahriar-FundRAuthentication-1.0.0-swagger
13 of 13 operations supported*	 0715_futureofvoice-global-services-1.0.3-swagger
5 of 5 operations supported*	 0717_fwesss-webdb-i-challenge-1.1.0-swagger
1 of 1 operations supported*	 0721_gabriellupu-companies-financial-data-1.0.0-swagger
3 of 3 operations supported	 0723_galaxyAbstractor-DiscordTag-1.0.0-swagger
6 of 6 operations supported	 0725_gaogang-Qianshou-1.0.0-oas3-swagger
2 of 2 operations supported	 0731_GEH5-devicemanagement-1.0.0-swagger
1 of 1 operations supported*	 0735_Geollect-Geollect-1.0.0-draft-swagger
1 of 1 operations supported*	 0747_GLO-4003-a19-good-or-naugthy-1.0.2-swagger
31 of 31 operations supported	 0752_goldsip8-gold-sip_dashboard_api-1.0.0-swagger
1 of 1 operations supported	 0756_gomobile5-ProviderAPI-0.0.1-swagger
1 of 1 operations supported	 0760_Gothika79-nwos-orders_api-1.0.0-swagger
5 of 5 operations supported*	 0764_granevich-Daxx_Users_api-0.0.1-swagger
4 of 4 operations supported*	 0775_gssbruno-big-data_impacta-1.0.0-oas3-swagger
11 of 11 operations supported*	 0776_gtropea-skylabs-Promoclub-1.1.0-swagger
1 of 1 operations supported*	 0779_guisoares2011-Flapper-1.0.0-a-swagger
1 of 1 operations supported*	 0787_halfords3-TyreLeadTime-1.0.0-swagger
1 of 1 operations supported*	 0791_harisatyanarayana-php-ipaytest-1.0.0-swagger
2 of 2 operations supported*	 0801_heaps926-Answers-Inventory-API-1.0.0-swagger
7 of 7 operations supported*	 0805_hellraiserii-customer-site_product_test_management-1.0.1-swagger
5 of 5 operations supported	 0806_heph4estus-ALIOTH-1.0.0-oas3-swagger
1 of 1 operations supported*	 0807_heph4estus-MFS_BILLER_API-1.0.0-swagger
1 of 1 operations supported*	 0810_hewitt-GEO_V2-1.0.0-oas3-swagger
28 of 28 operations supported*	 0816_hin_vw-ViewiderProductAPI-1.0.5.3-swagger
32 of 32 operations supported	 0823_hkgp-hkhq_api-1.0.0-swagger
8 of 8 operations supported*	 0826_hlaustralia-Revenue-Banking-API-1.0.2-swagger
6 of 6 operations supported*	 0830_Home133-ConsentManagementAPI-1.0.1-swagger
26 of 26 operations supported	 0832_Homeoffice51-swagger-demo_coffee_shop_v_4-v4-swagger
1 of 1 operations supported	 0833_HomeX3-WorkOrderTechnician-1.0.1-swagger
21 of 21 operations supported*	 0834_Hoplite-Industries-Hoplite-TI-1.0.3-swagger
3 of 3 operations supported*	 0838_hp-nbs-tenant-0.1.5-swagger
3 of 3 operations supported*	 0839_hplus123-catalog-1.0.0-swagger
3 of 3 operations supported*	 0854_HumaneTech-Humane-OCR-API-1.0.0-swagger
2 of 2 operations supported*	 0857_i.belozerov-PT_eInvoice-0.1-swagger
27 of 27 operations supported*	 0859_I4PRJ4-WikiLeagues-API-1.0.0-oas3-swagger
1 of 1 operations supported*	 0861_i8software-Webhook-1.0.0-swagger
8 of 8 operations supported	 0867_ic.asics.sfsc.api-Asics-SFSC-API-1.0.0-swagger
5 of 5 operations supported*	 0868_icarus-VirtualCoach-0.1.0-oas3-swagger
1 of 1 operations supported*	 0871_idearoom-idearoom-api-public-1.0.0-swagger
1 of 1 operations supported*	 0872_IDP_Swagger-Gloabal_Student_API-1.0.1-swagger
1 of 1 operations supported*	 0877_iine-TaggingSystem-1.0.0-oas3-swagger
47 of 47 operations supported	 0880_Immersive-CoE-ICoEAPI-1-swagger
3 of 3 operations supported*	 0882_Impala_GDAPI_Content-GDAPI-0.1.0-swagger
36 of 36 operations supported*	 0883_implemica-aidwatch-database-api-2.0.0-swagger
22 of 22 operations supported	 0891_Inducontrol-Univers-1.0.5-swagger
22 of 22 operations supported	 0892_Inducontrol-Univers-2.0-1.0.6.2-swagger
2 of 2 operations supported*	 0893_Inecta-TMS-1.0.3-swagger
8 of 8 operations supported*	 0899_Informed_co-informed-co_api-1.0.4-oas3-swagger
11 of 11 operations supported	 0902_Innovacccs-customer-portal-webhooks-v2-oas3-swagger
1 of 1 operations supported	 0904_INRA-PMB-ODAM-1.0.1-oas3-swagger
6 of 6 operations supported*	 0906_InsolutionsDev-flash-mobile_api_documentacion-v1-swagger
4 of 4 operations supported*	 0907_InsolutionsDev-movistar-id_api_documentation-v1-swagger
9 of 9 operations supported*	 0910_integraciones.rappi-PublicApi-Eng-1.1.1-swagger
3 of 3 operations supported*	 0911_IntegracoesSCI-push-sci_web_service-1.0.0-oas3-swagger
3 of 3 operations supported	 0934_IOT374-RestApi-2.12.0-swagger
4 of 4 operations supported*	 0937_iqmadmin-RevenueShield-1.0.0-swagger
1 of 1 operations supported	 0940_iquatic-iQuatic_MetricPlugin-1.0.0-swagger
1 of 1 operations supported	 0941_iquatic_marine-iQuaticMarinePlugin-1.0.0-swagger
2 of 2 operations supported*	 0946_it-labs.de-Artikel_mediq-1.0.0-swagger
4 of 4 operations supported*	 0950_Iton-technologie-Social-0.0.1-swagger
2 of 2 operations supported*	 0951_iTouchVisionLimited-custom-1.0.0-swagger
3 of 3 operations supported*	 0952_ivan-lolivier-iugo-The_Autolocator_API-1.0.4-swagger
3 of 3 operations supported*	 0956_ivan_atomic-Ellow-1.0.0-swagger
2 of 2 operations supported*	 0971_jamro-oversort-backend-1.2.0-swagger
1 of 1 operations supported*	 0977_jdfergason-donor_advantage-1.0.0-oas3-swagger
29 of 29 operations supported*	 0980_JensLodberg-WikiLeagues-API-1.0.0-oas3-swagger
5 of 5 operations supported*	 0982_jeroenBluecats-EngineAPI-1.0.2-swagger
1 of 1 operations supported*	 0987_jevans97utk-willitsync-1.0.1-swagger
12 of 12 operations supported	 0988_jgvogt-swingsy-golf-0.10.0-swagger
5 of 5 operations supported	 0994_jiris2-DeponejoAPI-1.0.1-swagger
1 of 1 operations supported*	 1009_JohnKlein1991-PostServiceApi-1.0.0-swagger
10 of 10 operations supported*	 1014_jPlex-ph-d_poc_view_api-v1-swagger
17 of 17 operations supported*	 1015_jsduana-Delilah_Resto-1.0.0-swagger
1 of 1 operations supported*	 1017_jsreddy75-getservicelist-0.1-swagger
3 of 3 operations supported*	 1021_Junger-distribuicao-lucros-1.0.0-swagger
6 of 6 operations supported*	 1025_just1nwang2-api-v1-swagger
3 of 3 operations supported*	 1039_kalilReis-vuttr-back-end-1.0.0-swagger
1 of 1 operations supported	 1068_knature-Price-Upload-BI-1.0.0-swagger
1 of 1 operations supported*	 1069_knature-ProductsInformation-1.0.1-swagger
1 of 1 operations supported*	 1071_Knowledge-Global-Kogbill2-2.0.0-swagger
5 of 5 operations supported*	 1074_kodix7-AVON_DISTR-1.0.1-swagger
2 of 2 operations supported*	 1076_kodix7-vwgr.store-1-swagger
2 of 2 operations supported	 1078_kolisko-mvb-api-1.0.0-swagger
2 of 2 operations supported*	 1082_konzolvilag-kv-coupon-api-1.0.1-swagger
1 of 1 operations supported*	 1110_leandroom-partner-info_api-v1-swagger
5 of 5 operations supported*	 1113_LednevEugene-fortress-customer_registration_service-1.0-swagger
3 of 3 operations supported*	 1115_lego-SkyMany-1.0.0-swagger
8 of 8 operations supported*	 1122_levani132-mini-bank-of-georgia-api-1.0.0-oas3-swagger
3 of 3 operations supported*	 1126_lexuanhai1405-nama-integration-api-1.0.3-swagger
2 of 2 operations supported	 1127_Leypal-Leypal-eDelivery-api-1.0.0-swagger
4 of 4 operations supported	 1131_LIC-animal-compliance-0.2.0-swagger
8 of 8 operations supported	 1133_life-tech-Leader-api-1.0.0-swagger
2 of 2 operations supported*	 1139_linucleus-dianiux-1.0.0-swagger
1 of 1 operations supported*	 1141_linx-commerce-open-marketplace-api-freight-v1-swagger
3 of 3 operations supported	 1143_linx-commerce-rappi-orders-v1-swagger
3 of 3 operations supported*	 1151_LOG-NET-exceptions-1.0.1-swagger
3 of 3 operations supported	 1157_loquiz-loquiz-v3-3.2.0-swagger
5 of 5 operations supported*	 1164_LscLogistics-Insight-1.0-swagger
2 of 2 operations supported*	 1165_LSobocinski-SimpleAPI-1.0.0-swagger
10 of 10 operations supported	 1166_ltnglobal-ltn_notify-1.0-swagger
2 of 2 operations supported*	 1169_lucasfilippi-kontiki_hash2email-1.0.0-swagger
2 of 2 operations supported*	 1170_lucasgalipolo-PirApp-0.0.1-swagger
4 of 4 operations supported*	 1174_luftborn-DSV-IOT-Hub-1.0.0-swagger
2 of 2 operations supported	 1178_luk4s-rezervace.lagrace-2.0.0-swagger
3 of 3 operations supported*	 1190_manish8-STEMdroidCourseAPI-1.0.0-swagger
6 of 6 operations supported*	 1191_manuelf.sanchez-Sites-1.0.0-swagger
5 of 5 operations supported	 1207_marvinthomaz-SEMPRE-1.1.5-swagger
2 of 2 operations supported*	 1211_matheusviegas-desafio-deliver-it-1.0.0-swagger
3 of 3 operations supported*	 1214_matteocellucci-P30-JustEat-1.0.0-swagger
2 of 2 operations supported*	 1229_MelodyVREngineering-vouchers-1.0.0-oas7-swagger
3 of 3 operations supported*	 1230_Menu-Digital-MenuDigital-1.0.0-swagger
1 of 1 operations supported*	 1234_Metrilus-MetriXFreight-1.0.0-swagger
18 of 18 operations supported*	 1235_Mexticket4-MexticketAPI-1.0.0-swagger
5 of 5 operations supported	 1237_mfbassora-Nexoos_PartnersAPI-1.0.2-oas3-swagger
2 of 2 operations supported*	 1242_mgjoyce-Wellness-1.0.0-swagger
1 of 1 operations supported*	 1248_mikeadkins-kroger-clips-1.0.0-swagger
4 of 4 operations supported	 1250_mindcurv6-corporate-api_for_residents-1.0-swagger
1 of 1 operations supported	 1258_mnediw-booking-1.0.1-swagger
9 of 9 operations supported*	 1259_mobiagelabs-MobiageManager-3.0.0-swagger
3 of 3 operations supported*	 1261_mobiskif-HubService-0.2-swagger
1 of 1 operations supported	 1266_moose56-programmes_lite-1.0.1-swagger
1 of 1 operations supported*	 1269_most-device_push-1.2.1-swagger
3 of 3 operations supported	 1271_mp091689-tstechpro.bitsale-1.1.0-swagger
5 of 5 operations supported*	 1287_muon-processingService-1.0.0-swagger
11 of 11 operations supported*	 1297_n34718-Consentform-1.0.0-oas3-swagger
41 of 41 operations supported	 1299_nam-diijam-diijam-0.0.2-swagger
4 of 4 operations supported*	 1301_natarajmb-ContactStore-2.0.0-swagger
7 of 7 operations supported*	 1302_NavimanTelematics-NavimanTelematics-API-Indeka-1.0.0-swagger
1 of 1 operations supported*	 1303_NBAStats-sea-waybill-1.0.0-swagger
8 of 8 operations supported	 1310_neochokes-ArtGallery-1.0.0-oas3-swagger
1 of 1 operations supported*	 1313_nessotech_jl-MPP-1.0.0-swagger
99 of 99 operations supported*	 1319_NextWare-pruliaa-1.10.2-swagger
9 of 9 operations supported	 1321_nfcproject-LaundryRoom-1.0.1-swagger
25 of 25 operations supported	 1328_nnsoni-SL.Timetable.Service-2.0.3-swagger
3 of 3 operations supported	 1331_None589-test-0.0.2-swagger
27 of 27 operations supported*	 1340_NutthanichN-6110545490-final-project-ssd-365-hr-1.0.0-swagger
2 of 2 operations supported*	 1345_OceanX6-ocx_genesis_installmentplans-1.0.0-swagger
2 of 2 operations supported*	 1346_OceanX6-ocx_genesis_pricebooks-1.0.0-swagger
2 of 2 operations supported*	 1347_OceanX6-ocx_genesis_products-1.0.0-swagger
2 of 2 operations supported*	 1348_OceanX6-ocx_genesis_renewalplan-1.0.0-swagger
3 of 3 operations supported*	 1355_OlaS-Artist-Sample-1.0-swagger
7 of 7 operations supported*	 1357_oliver.allen-VGCAPI-1-swagger
3 of 3 operations supported*	 1359_omarcinp-facebook-1.0.0-swagger
15 of 15 operations supported*	 1367_one-catalogue-oc-ingest-api-v1.2.1-swagger
6 of 6 operations supported*	 1368_One-Mahassajun-MKIS-1.0.0-swagger
2 of 2 operations supported*	 1371_OnlineNotary.net-OnlineNotary-1.0-swagger
3 of 3 operations supported*	 1372_open-transport-customer-account-1.0.1-swagger
2 of 2 operations supported*	 1373_open-transport-operator-info-1.1.0-swagger
8 of 8 operations supported*	 1375_or-lat-QRona-1.4.0-swagger
1 of 1 operations supported*	 1379_OrionNN-is-gw_api_documentacion-v1-swagger
8 of 8 operations supported*	 1380_orlangure-gnomock-1.2.0-swagger
8 of 8 operations supported	 1385_Ostmodern-magpie-1.0.0-swagger
4 of 4 operations supported	 1396_PageSuite-PageSuite_Core-0.1-swagger
9 of 9 operations supported*	 1403_ParkingDetection-Public-0.4.3-swagger
8 of 8 operations supported	 1407_PatientPop4-eFAX-1.0.0-swagger
5 of 5 operations supported	 1420_personal7389-venda-service-V1-swagger
4 of 4 operations supported*	 1424_phantomID-enroll-1.0.0-swagger
2 of 2 operations supported	 1429_Phoenix16-ToepasbareRegels-1.02-swagger
3 of 3 operations supported*	 1435_phuocpn632-SimpleAPI-1.0.0-swagger
1 of 1 operations supported*	 1438_Picking-OptionChallenge-1.0.0-swagger
7 of 7 operations supported*	 1440_pietromarrone-Rems-1.9-swagger
3 of 3 operations supported	 1444_pipplet-pipplet-test-1.6-swagger
2 of 2 operations supported	 1449_Plexus-Gateway-Documents-API-0.0.0.2-swagger
2 of 2 operations supported*	 1450_plus-sport-customer-1.0.0-swagger
2 of 2 operations supported*	 1458_POLIEDRO-IntegracaoPMais-1.0.0-swagger
18 of 18 operations supported*	 1460_Pombaldir.com-ERPSinc-1.0.0-swagger
12 of 12 operations supported*	 1470_prodboard-prodboard-1.1.3-swagger
7 of 7 operations supported*	 1473_Project-Managers-matn.uz-v1-swagger
10 of 10 operations supported*	 1474_project-openubl-xml-builder-1.0.0.Final-swagger
7 of 7 operations supported*	 1477_ProjectSCENe-monitoring-data-api-1.2-swagger
3 of 3 operations supported*	 1479_proofmarket-cred-kyc-1.0.0-swagger
3 of 3 operations supported*	 1481_prorozvoz-prorozvoz-api-1.0.4-swagger
4 of 4 operations supported*	 1482_prose-swagger-petstore-1.0.0-swagger
7 of 7 operations supported*	 1484_Protoss-Solutions-CBRE-1.0.0-swagger
2 of 2 operations supported*	 1487_Pru_Customer_Office-Document-1.0.5-swagger
1 of 1 operations supported*	 1488_Pru_Customer_Office-partyEligibility-1.0.0-swagger
2 of 2 operations supported*	 1491_PunchList-Report-1.1-swagger
5 of 5 operations supported*	 1497_QA_Automation-User-Management-1.0-swagger
4 of 4 operations supported*	 1498_qkhaipham-leads-2.0.0-swagger
31 of 31 operations supported*	 1502_quattru-config-repository-1.14-swagger
10 of 10 operations supported*	 1503_quentindubois-API-Partenaire-0.9-swagger
4 of 4 operations supported	 1506_r817-mg-88_2_0_api-1.0-swagger
3 of 3 operations supported*	 1508_rachelmcclelland6-UserAPI-1-oas3-swagger
3 of 3 operations supported*	 1509_radarbox-radar-box_on_demand_api-2.0.18-swagger
1 of 1 operations supported	 1516_raimana.lowgreen-sap-forecasts-0.0.1-swagger
6 of 6 operations supported*	 1517_raizenshout-kemacetan_rizky-1.0.0-swagger
1 of 1 operations supported*	 1518_Raja.Perumal-swagger-med_review-1.0.0-oas3-swagger
1 of 1 operations supported*	 1524_RAPP-APP-DEV-LA-AimmuneAPITrialCard-1.0.4-swagger
9 of 9 operations supported*	 1526_rappi.integraciones-PublicApi-Mapeo-Eng-1.1.1-swagger
4 of 4 operations supported*	 1527_RasmusWinter8-ukscn-challenge_api-1.0.2-swagger
2 of 2 operations supported*	 1529_Ratio4-choosewisely-white-label-results-1.11-swagger
5 of 5 operations supported*	 1531_raydhitya-qr-code-1.0.0-swagger
5 of 5 operations supported*	 1537_redbeardlab-simplesql.redbeardlab.com-0.1.1-swagger
12 of 12 operations supported*	 1541_rendermani-Ascio-Framework-1.0.0-oas3-swagger
10 of 10 operations supported*	 1542_Repatik-Repatik-1.0.0-oas3-swagger
1 of 1 operations supported*	 1558_rlods-party-1.0.0-swagger
2 of 2 operations supported*	 1559_rlssantos-DesempenhoCambialAPI-1.0.0-swagger
2 of 2 operations supported*	 1560_robbm1-DutyCalls-1.1.0-swagger
3 of 3 operations supported*	 1566_rodanenergy-peak-tracker_notices_api-1.0.0-oas3-swagger
1 of 1 operations supported	 1567_rodriguezp.pablo-clt-members-0.0.4-swagger
3 of 3 operations supported*	 1568_roger.enclave-room-booking-v1.0-swagger
2 of 2 operations supported*	 1574_roox-policy-evaluation-0.1.19081-swagger
2 of 2 operations supported*	 1582_rrrdev-TestAPI-1.0.0-swagger
2 of 2 operations supported	 1596_ryanpetrick-v0.0.2-alpha-0.0.2-swagger
1 of 1 operations supported*	 1600_S365-ml-predictions-1.0.8-swagger
5 of 5 operations supported*	 1602_S8693-T32-1.0.0-swagger
10 of 10 operations supported*	 1603_S8985-my-first_api-V1-swagger
3 of 3 operations supported*	 1610_saiappzoycom-teleoptics-1.0.0-swagger
2 of 2 operations supported*	 1619_sanperrier-csgo_aim_hs-0.0.2-swagger
13 of 13 operations supported*	 1620_SantiHerranz-i-salus_api-v1-swagger
2 of 2 operations supported	 1621_saqueepague-transaction-service-api-1.0.0-swagger
1 of 1 operations supported	 1622_saqueepague-transaction-status-api-1.0.0-swagger
9 of 9 operations supported	 1628_saysmaster-eXtendPaywall-v1-swagger
1 of 1 operations supported*	 1629_sbruggisser-FlyingSplaucersReports-1.0.3-swagger
2 of 2 operations supported*	 1632_schlau.ch-txproc-design-first-openapi-0.9-swagger
32 of 32 operations supported*	 1646_SemanticTouch-BentoWebOrderAPI-1.0.0-oas3-swagger
3 of 3 operations supported	 1656_Sergey3439-DB-backup-tool-1.0.1-swagger
1 of 1 operations supported*	 1664_shiri-leumi-JWT_Sign-1.0.1-swagger
1 of 1 operations supported*	 1667_shivek-mot-rgm-buslane-demo-1.0.0-swagger
1 of 1 operations supported*	 1668_shivek-tickets-rgm-buslane-demo-1.0.0-swagger
2 of 2 operations supported*	 1674_Shoprunback-srb-app-private-1.0.0-swagger
5 of 5 operations supported*	 1676_shuchirb-VehicleManagement-1.0.0-swagger
4 of 4 operations supported*	 1689_SirPole-fachman-sign_app-3.0.0-swagger
1 of 1 operations supported*	 1693_SKletsov-callcentre-1.6.4-swagger
3 of 3 operations supported*	 1697_Sky-TV-gerenciamento-de_leads-1.0.1-swagger
5 of 5 operations supported*	 1698_slotix-dataflow-kit_web_scraper-1.0-swagger
11 of 11 operations supported*	 1706_solarnet-booking-1.0-swagger
1 of 1 operations supported*	 1707_Somax-Software-UG-TagYour.Photos-Analyse-1.0.0-oas3-swagger
10 of 10 operations supported	 1709_Sonalake5-bas-store-mgmt-1.2.1-swagger
2 of 2 operations supported*	 1710_sonetel-Sonetel-API-1.2-oas3-swagger
5 of 5 operations supported*	 1711_song88-Operator-1.0.1-swagger
3 of 3 operations supported	 1713_SOSAFE2-api-sosafe_v_3-v3.2-swagger
2 of 2 operations supported*	 1714_spanders89-expense-api-v03-swagger
3 of 3 operations supported*	 1717_SpeelYaalHub-example-employee-service-1.0.0-swagger
3 of 3 operations supported	 1718_spernigotti-pit-game-0.6-swagger
2 of 2 operations supported*	 1721_splashmob-splashmob-core-1.0.0-swagger
8 of 8 operations supported*	 1729_ss-ipaas-carrier_api-1.12.0-swagger
3 of 3 operations supported	 1736_StatusHub8-sha-1.0-swagger
1 of 1 operations supported*	 1739_Stericycle-ComSol-CentralizedSMSService-1.0-swagger
9 of 9 operations supported*	 1740_Stockholm-University7-HarmonyInside-1.0.0-swagger
1 of 1 operations supported	 1743_strongman-strongman-core-api-1.0-swagger
1 of 1 operations supported*	 1744_stuart.batty-ne-t_form_summary_api-1.0.0-swagger
3 of 3 operations supported*	 1745_stunney-ChuckNorris-1.0.1-swagger
2 of 2 operations supported*	 1749_Subway-FreshAPI-Menu-1.0.0-swagger
4 of 4 operations supported*	 1751_sumitsandal-test-0.0.1-swagger
1 of 1 operations supported*	 1755_swaggerHitssTest-DS-120_PRS_PRODUCT_INVENTORY_MANAGEMENT-1.0.0-swagger
5 of 5 operations supported*	 1756_SwaggerTest5-CreateTemplateSchedule-1.0.0-swagger
5 of 5 operations supported	 1759_SWEN-343-Customer-Delight-1.1-swagger
2 of 2 operations supported	 1760_SWIFT-API-payment-preauthorisation-0.2.1-swagger
2 of 2 operations supported*	 1761_SwissRe-Life-Capital-policy-1.0.0-swagger
1 of 1 operations supported*	 1762_swoopdatacom-WestconDeviceAssign-1.0.0-oas3-swagger
4 of 4 operations supported	 1763_SwychInc2-swych-global_b_2_b_api_sandbox-1.0-swagger
1 of 1 operations supported*	 1767_Synnex4-partner-info-v1-swagger
1 of 1 operations supported	 1782_tappcreative-FLSDropsoft-1.0.5-swagger
18 of 18 operations supported*	 1785_tbui1-SwiftTea-1.0.0-oas3-swagger
21 of 21 operations supported*	 1794_tedy-Tedy-1.0.0-swagger
21 of 21 operations supported*	 1795_tedy-tedy-mobile-1.0.0-swagger
1 of 1 operations supported*	 1796_Teemwurk-Get_Plan_Eligibility-1.0.0-oas3-swagger
2 of 2 operations supported	 1808_testik-simple-inventory_api-1.0.5-swagger
16 of 16 operations supported*	 1809_testingViewider-testProductAPI-1.0.3.1-swagger
1 of 1 operations supported*	 1812_TestOrg1233322-asyncApi-multiSearch-response-1.0.1-swagger
10 of 10 operations supported*	 1818_test_ivacognitive-iva-cv_vector_api-1.4.37-swagger
3 of 3 operations supported*	 1824_TheCezae-VUTTR-1.0.0-swagger
4 of 4 operations supported*	 1829_TiagoBraz-LynxmindSimpleAPI-1.0.0-swagger
4 of 4 operations supported*	 1830_tianzhou-shortlink-1.0.0-swagger
2 of 2 operations supported	 1843_tomashalama96-stock-manager-1.0.0-swagger
2 of 2 operations supported*	 1844_Tomato-pizza-Call-center-1.0.0-swagger
2 of 2 operations supported*	 1855_tralixrd-MineraApi-1.0.0-swagger
1 of 1 operations supported*	 1857_transforma-PartyInteraction-1.0.0-swagger
6 of 6 operations supported*	 1858_transforma-PartyManagement-1.0.0-swagger
4 of 4 operations supported*	 1859_travisrisner-MSDAPI-1.0.0-oas3-swagger
8 of 8 operations supported*	 1860_Trip-Loop-TripLoop-1.0.1-swagger
1 of 1 operations supported*	 1863_TrustaGo-Upgrade-1.0.1-swagger
1 of 1 operations supported	 1878_ulcuber-PersonalCabinet-0.5.0-swagger
1 of 1 operations supported*	 1894_V893-Test-1.0.0-swagger
3 of 3 operations supported	 1895_Vaana-vaana-service_voucher_api-2.3.1-swagger
1 of 1 operations supported*	 1896_ValueLogistics-SMSQueue-1.0-swagger
6 of 6 operations supported*	 1900_vedpr2020-MVP-v0-swagger
4 of 4 operations supported*	 1903_vgordeyev-PDCA-1.0.1-swagger
2 of 2 operations supported*	 1905_VickyChen-channel-api-1.0.0-swagger
4 of 4 operations supported*	 1907_VictorFA-clientes_ubeam_2019-1.0.0-swagger
1 of 1 operations supported*	 1910_Vidado-READ_Text-0.1.0-swagger
1 of 1 operations supported*	 1916_Viniciuscscience-Insurance-Risk-Profile-1.0.0-swagger
7 of 7 operations supported	 1930_w2o-tiempo-pharos-mock-1.0.3-swagger
7 of 7 operations supported	 1931_w2o-tiempo-pharos-server-1.0.1-swagger
2 of 2 operations supported	 1932_wadehuang36-CrewConnect-1.0.0-swagger
1 of 1 operations supported*	 1935_wasencios-Notificacion-1.0.1-swagger
5 of 5 operations supported	 1938_Weavr-Simulator-2.8.2-swagger
3 of 3 operations supported	 1942_websix-Esteira-EP-1.0-swagger
3 of 3 operations supported*	 1946_wellington_sci-push-sci_web_service-1.0.0-oas3-swagger
1 of 1 operations supported*	 1953_WestUnion-order_generateid_v1_api-1.0.0-swagger
2 of 2 operations supported*	 1964_willkono-INFO_CARDS_API-1.0.0-oas3-swagger
3 of 3 operations supported*	 1966_wiser-educacao-powerhouse-cos-1.0.0-swagger
2 of 2 operations supported*	 1976_wormboyslim-bbm-0.0.2-swagger
11 of 11 operations supported*	 1977_WOWebApi-WOWebAPI-1.0-swagger
1 of 1 operations supported*	 1983_xdsoar7-data-api-1.0.0-swagger
1 of 1 operations supported*	 1984_ximunfroy911th-getProsermPackage-1.0.0-swagger
3 of 3 operations supported*	 2003_YoloInsurance-P30-JustEat-1.1.0-swagger
10 of 10 operations supported*	 2005_youjung-hong-Nemo-1.0.0-swagger
1 of 1 operations supported*	 2011_yuvalnavon.com-travelTimes-1.0.0-swagger
26 of 26 operations supported*	 2017_ZAR-Network-api.zar.cloud-0.1.0-swagger(1)
26 of 26 operations supported*	 2018_ZAR-Network-api.zar.cloud-0.1.0-swagger
3 of 3 operations supported*	 2021_zData9MfC-mainframe-cloud_file_service-0.2-swagger
5 of 5 operations supported*	 2028_zimovid-TicketsFrontApi-1.0.0-swagger
MEASUREMENT SUMMARY:	we ran the measurement on a set of apis with set size:			1181
MEASUREMENT SUMMARY:	apis are fully supported ignoring sub-resources:			489
MEASUREMENT SUMMARY:	NOTICE: * indicates an file that does not define operations on subresources
MEASUREMENT SUMMARY:	apis are fully supported considering sub-resources:			375
MEASUREMENT SUMMARY:	coverage criteria: full-supported-apis ignoring sub-resources:		0.4140
MEASUREMENT SUMMARY:	coverage criteria: full-supported-apis considering sub-resources:	0.3175
