#################################
### Summary of the experiment ###
#################################


PROCESSING SUMMARY:
	PROCESSING SUMMARY:	Processed input files:	2069
	PROCESSING SUMMARY:	Too short OAS Files	297
	PROCESSING SUMMARY:	couldn't be processed:	0
	PROCESSING SUMMARY:	no toplevel-operations:	50
	PROCESSING SUMMARY:	unusual file structure:	163
	PROCESSING SUMMARY:	run openISBT on:	1559
	PROCESSING SUMMARY:	removed simple apis	75
	PROCESSING SUMMARY:	removed oauth apis	0
	PROCESSING SUMMARY:	removed iot apis	0
	PROCESSING SUMMARY:	removed petstore apis	0
	PROCESSING SUMMARY:	caused exceptions:	303

MEASUREMENT: determine-full-supported-apis
	MEASUREMENT SUMMARY:	we ran the measurement on a set of apis with set size:			1181
	MEASUREMENT SUMMARY:	apis are fully supported ignoring sub-resources:			489
	MEASUREMENT SUMMARY:	apis are fully supported considering sub-resources:			375
	MEASUREMENT SUMMARY:	coverage criteria: full-supported-apis ignoring sub-resources:		0.4140
	MEASUREMENT SUMMARY:	coverage criteria: full-supported-apis considering sub-resources:	0.3175

MEASUREMENT: determine-supported-operations
	MEASUREMENT SUMMARY:	we ran the measurement on the following amount of files:		1181
	MEASUREMENT SUMMARY:	all supported operations:						10009
	MEASUREMENT SUMMARY:	all available operations ignoring operations on sub-resource:		13310
	MEASUREMENT SUMMARY:	all available operations including operations on sub-resource:		16295
	MEASUREMENT SUMMARY:	coverage criteria: supported-operations ignoring sub-resources:		0.7519
	MEASUREMENT SUMMARY:	coverage criteria: supported-operations considering sub-resources:	0.6142

ADDITIONAL MEASUREMENT: evaluate_apis that threw exception
	ADDITIONAL MEASURMENT SUMMARY:	all Files where exception was thrown:		 303
	ADDITIONAL MEASURMENT SUMMARY:	sum of operations on toplevel-resources:	 5715
	ADDITIONAL MEASURMENT SUMMARY:	sum of operations on sub-resources:		 2322
	ADDITIONAL MEASURMENT SUMMARY:	sum of operations on all resources:		 8037

ADDITIONAL MEASUREMENT: evaluate_apis with only sub-resources
	ADDITIONAL MEASURMENT SUMMARY:	all Files without toplevel-resources:		 50
	ADDITIONAL MEASURMENT SUMMARY:	sum of operations on toplevel-resources:	 0
	ADDITIONAL MEASURMENT SUMMARY:	sum of operations on sub-resources:		 527
	ADDITIONAL MEASURMENT SUMMARY:	sum of operations on all resources:		 527

NUMBER CREATE	4706
NUMBER READ	1860
NUMBER SCAN	1237
NUMBER UPDATE	1194
NUMBER DELETE	1012
NUMBER AUTHENTICATE	0
NUMBER VALIDATE	0
NUMBER CONTROL	0
NUMBER INFO	0
NUMBER UNDEFINED	3301
